<?xml version="1.0" encoding="utf-8"?><testsuites><testsuite name="pytest" errors="0" failures="0" skipped="0" tests="6" time="0.118" timestamp="2023-02-01T11:27:26.663880" hostname="B1F7A10"><testcase classname="tests.test_message" name="test_scan_message" time="0.002" /><testcase classname="tests.test_message" name="test_color_message_ok" time="0.001" /><testcase classname="tests.test_message" name="test_color_clipping" time="0.001" /><testcase classname="tests.test_message" name="test_brightness" time="0.001" /><testcase classname="tests.test_message" name="test_brightness_clipping" time="0.001" /><testcase classname="tests.test_message" name="test_on_off" time="0.001" /></testsuite></testsuites>